Initialized native services in: C:\Users\z004rx2h\.gradle\native
Initialized jansi services in: C:\Users\z004rx2h\.gradle\native
Received JVM installation metadata from 'C:\Program Files\Java\jdk-25': {JAVA_HOME=C:\Program Files\Java\jdk-25, JAVA_VERSION=25.0.1, JAVA_VENDOR=Oracle Corporation, RUNTIME_NAME=Java(TM) SE Runtime Environment, RUNTIME_VERSION=25.0.1+8-LTS-27, VM_NAME=Java HotSpot(TM) 64-Bit Server VM, VM_VERSION=25.0.1+8-LTS-27, VM_VENDOR=Oracle Corporation, OS_ARCH=amd64}
Found daemon DaemonInfo{pid=33168, address=[fbd04a52-3552-4e07-856b-9ae0bc0f7e87 port:50171, addresses:[/127.0.0.1]], state=Idle, lastBusy=1770275230631, context=DefaultDaemonContext[uid=5f5072ff-2edb-4e37-959a-7a0460d935aa,javaHome=C:\Program Files\Java\jdk-25,daemonRegistryDir=C:\Users\z004rx2h\.gradle\daemon,pid=33168,idleTimeout=10800000,priority=NORMAL,applyInstrumentationAgent=true,daemonOpts=--add-opens=java.base/java.util=ALL-UNNAMED,--add-opens=java.base/java.lang=ALL-UNNAMED,--add-opens=java.base/java.lang.invoke=ALL-UNNAMED,--add-opens=java.prefs/java.util.prefs=ALL-UNNAMED,--add-opens=java.base/java.nio.charset=ALL-UNNAMED,--add-opens=java.base/java.net=ALL-UNNAMED,--add-opens=java.base/java.util.concurrent.atomic=ALL-UNNAMED,-XX:MaxMetaspaceSize=384m,-XX:+HeapDumpOnOutOfMemoryError,-Xms256m,-Xmx512m,-Dfile.encoding=UTF-8,-Duser.country=TW,-Duser.language=zh,-Duser.variant]} however its context does not match the desired criteria.
At least one daemon option is different.
Wanted: DefaultDaemonContext[uid=null,javaHome=C:\Program Files\Java\jdk-25,daemonRegistryDir=C:\Users\z004rx2h\.gradle\daemon,pid=27204,idleTimeout=null,priority=NORMAL,applyInstrumentationAgent=true,daemonOpts=--add-opens=java.base/java.util=ALL-UNNAMED,--add-opens=java.base/java.lang=ALL-UNNAMED,--add-opens=java.base/java.lang.invoke=ALL-UNNAMED,--add-opens=java.prefs/java.util.prefs=ALL-UNNAMED,--add-opens=java.base/java.nio.charset=ALL-UNNAMED,--add-opens=java.base/java.net=ALL-UNNAMED,--add-opens=java.base/java.util.concurrent.atomic=ALL-UNNAMED,-Xmx2048m,-Dfile.encoding=UTF-8,-Duser.country=TW,-Duser.language=zh,-Duser.variant]
Actual: DefaultDaemonContext[uid=5f5072ff-2edb-4e37-959a-7a0460d935aa,javaHome=C:\Program Files\Java\jdk-25,daemonRegistryDir=C:\Users\z004rx2h\.gradle\daemon,pid=33168,idleTimeout=10800000,priority=NORMAL,applyInstrumentationAgent=true,daemonOpts=--add-opens=java.base/java.util=ALL-UNNAMED,--add-opens=java.base/java.lang=ALL-UNNAMED,--add-opens=java.base/java.lang.invoke=ALL-UNNAMED,--add-opens=java.prefs/java.util.prefs=ALL-UNNAMED,--add-opens=java.base/java.nio.charset=ALL-UNNAMED,--add-opens=java.base/java.net=ALL-UNNAMED,--add-opens=java.base/java.util.concurrent.atomic=ALL-UNNAMED,-XX:MaxMetaspaceSize=384m,-XX:+HeapDumpOnOutOfMemoryError,-Xms256m,-Xmx512m,-Dfile.encoding=UTF-8,-Duser.country=TW,-Duser.language=zh,-Duser.variant]

  Looking for a different daemon...
Found daemon DaemonInfo{pid=30700, address=[693662bd-f749-4064-940a-961a6b694dcd port:55218, addresses:[/127.0.0.1]], state=Idle, lastBusy=1770278201213, context=DefaultDaemonContext[uid=2a4f818e-505e-45e5-ace4-b89542fabb70,javaHome=C:\Program Files\Android\Android Studio\jbr,daemonRegistryDir=C:\Users\z004rx2h\.gradle\daemon,pid=30700,idleTimeout=10800000,priority=NORMAL,applyInstrumentationAgent=true,daemonOpts=--add-opens=java.base/java.util=ALL-UNNAMED,--add-opens=java.base/java.lang=ALL-UNNAMED,--add-opens=java.base/java.lang.invoke=ALL-UNNAMED,--add-opens=java.prefs/java.util.prefs=ALL-UNNAMED,--add-opens=java.base/java.nio.charset=ALL-UNNAMED,--add-opens=java.base/java.net=ALL-UNNAMED,--add-opens=java.base/java.util.concurrent.atomic=ALL-UNNAMED,-XX:MaxMetaspaceSize=384m,-XX:+HeapDumpOnOutOfMemoryError,-Xms256m,-Xmx512m,-Dfile.encoding=UTF-8,-Duser.country=TW,-Duser.language=zh,-Duser.variant]} however its context does not match the desired criteria.
Java home is different.
Wanted: DefaultDaemonContext[uid=null,javaHome=C:\Program Files\Java\jdk-25,daemonRegistryDir=C:\Users\z004rx2h\.gradle\daemon,pid=27204,idleTimeout=null,priority=NORMAL,applyInstrumentationAgent=true,daemonOpts=--add-opens=java.base/java.util=ALL-UNNAMED,--add-opens=java.base/java.lang=ALL-UNNAMED,--add-opens=java.base/java.lang.invoke=ALL-UNNAMED,--add-opens=java.prefs/java.util.prefs=ALL-UNNAMED,--add-opens=java.base/java.nio.charset=ALL-UNNAMED,--add-opens=java.base/java.net=ALL-UNNAMED,--add-opens=java.base/java.util.concurrent.atomic=ALL-UNNAMED,-Xmx2048m,-Dfile.encoding=UTF-8,-Duser.country=TW,-Duser.language=zh,-Duser.variant]
Actual: DefaultDaemonContext[uid=2a4f818e-505e-45e5-ace4-b89542fabb70,javaHome=C:\Program Files\Android\Android Studio\jbr,daemonRegistryDir=C:\Users\z004rx2h\.gradle\daemon,pid=30700,idleTimeout=10800000,priority=NORMAL,applyInstrumentationAgent=true,daemonOpts=--add-opens=java.base/java.util=ALL-UNNAMED,--add-opens=java.base/java.lang=ALL-UNNAMED,--add-opens=java.base/java.lang.invoke=ALL-UNNAMED,--add-opens=java.prefs/java.util.prefs=ALL-UNNAMED,--add-opens=java.base/java.nio.charset=ALL-UNNAMED,--add-opens=java.base/java.net=ALL-UNNAMED,--add-opens=java.base/java.util.concurrent.atomic=ALL-UNNAMED,-XX:MaxMetaspaceSize=384m,-XX:+HeapDumpOnOutOfMemoryError,-Xms256m,-Xmx512m,-Dfile.encoding=UTF-8,-Duser.country=TW,-Duser.language=zh,-Duser.variant]

  Looking for a different daemon...
Found daemon DaemonInfo{pid=32012, address=[563e5bad-fb57-4d6f-ac1a-056373d20e52 port:53260, addresses:[/127.0.0.1]], state=Idle, lastBusy=1770280444229, context=DefaultDaemonContext[uid=95990e2e-a710-4e83-88cb-14425c97b9de,javaHome=C:\Program Files\Android\Android Studio\jbr,daemonRegistryDir=C:\Users\z004rx2h\.gradle\daemon,pid=32012,idleTimeout=10800000,priority=NORMAL,applyInstrumentationAgent=true,daemonOpts=--add-opens=java.base/java.util=ALL-UNNAMED,--add-opens=java.base/java.lang=ALL-UNNAMED,--add-opens=java.base/java.lang.invoke=ALL-UNNAMED,--add-opens=java.prefs/java.util.prefs=ALL-UNNAMED,--add-opens=java.base/java.nio.charset=ALL-UNNAMED,--add-opens=java.base/java.net=ALL-UNNAMED,--add-opens=java.base/java.util.concurrent.atomic=ALL-UNNAMED,-Xmx2048m,-Dfile.encoding=UTF-8,-Duser.country=TW,-Duser.language=zh,-Duser.variant]} however its context does not match the desired criteria.
Java home is different.
Wanted: DefaultDaemonContext[uid=null,javaHome=C:\Program Files\Java\jdk-25,daemonRegistryDir=C:\Users\z004rx2h\.gradle\daemon,pid=27204,idleTimeout=null,priority=NORMAL,applyInstrumentationAgent=true,daemonOpts=--add-opens=java.base/java.util=ALL-UNNAMED,--add-opens=java.base/java.lang=ALL-UNNAMED,--add-opens=java.base/java.lang.invoke=ALL-UNNAMED,--add-opens=java.prefs/java.util.prefs=ALL-UNNAMED,--add-opens=java.base/java.nio.charset=ALL-UNNAMED,--add-opens=java.base/java.net=ALL-UNNAMED,--add-opens=java.base/java.util.concurrent.atomic=ALL-UNNAMED,-Xmx2048m,-Dfile.encoding=UTF-8,-Duser.country=TW,-Duser.language=zh,-Duser.variant]
Actual: DefaultDaemonContext[uid=95990e2e-a710-4e83-88cb-14425c97b9de,javaHome=C:\Program Files\Android\Android Studio\jbr,daemonRegistryDir=C:\Users\z004rx2h\.gradle\daemon,pid=32012,idleTimeout=10800000,priority=NORMAL,applyInstrumentationAgent=true,daemonOpts=--add-opens=java.base/java.util=ALL-UNNAMED,--add-opens=java.base/java.lang=ALL-UNNAMED,--add-opens=java.base/java.lang.invoke=ALL-UNNAMED,--add-opens=java.prefs/java.util.prefs=ALL-UNNAMED,--add-opens=java.base/java.nio.charset=ALL-UNNAMED,--add-opens=java.base/java.net=ALL-UNNAMED,--add-opens=java.base/java.util.concurrent.atomic=ALL-UNNAMED,-Xmx2048m,-Dfile.encoding=UTF-8,-Duser.country=TW,-Duser.language=zh,-Duser.variant]

  Looking for a different daemon...
Found daemon DaemonInfo{pid=38060, address=[a4df4934-c69b-4432-b1f4-cc5570cad223 port:56821, addresses:[/127.0.0.1]], state=Idle, lastBusy=1770279960113, context=DefaultDaemonContext[uid=46430342-3902-4cd9-8a31-5a56d51cfc5e,javaHome=C:\Users\z004rx2h\.antigravity\extensions\redhat.java-1.52.0-win32-x64\jre\21.0.9-win32-x86_64,daemonRegistryDir=C:\Users\z004rx2h\.gradle\daemon,pid=38060,idleTimeout=10800000,priority=NORMAL,applyInstrumentationAgent=true,daemonOpts=--add-opens=java.base/java.util=ALL-UNNAMED,--add-opens=java.base/java.lang=ALL-UNNAMED,--add-opens=java.base/java.lang.invoke=ALL-UNNAMED,--add-opens=java.prefs/java.util.prefs=ALL-UNNAMED,--add-opens=java.base/java.nio.charset=ALL-UNNAMED,--add-opens=java.base/java.net=ALL-UNNAMED,--add-opens=java.base/java.util.concurrent.atomic=ALL-UNNAMED,-Xmx2048m,-Dfile.encoding=UTF-8,-Duser.country=TW,-Duser.language=zh,-Duser.variant]} however its context does not match the desired criteria.
Java home is different.
Wanted: DefaultDaemonContext[uid=null,javaHome=C:\Program Files\Java\jdk-25,daemonRegistryDir=C:\Users\z004rx2h\.gradle\daemon,pid=27204,idleTimeout=null,priority=NORMAL,applyInstrumentationAgent=true,daemonOpts=--add-opens=java.base/java.util=ALL-UNNAMED,--add-opens=java.base/java.lang=ALL-UNNAMED,--add-opens=java.base/java.lang.invoke=ALL-UNNAMED,--add-opens=java.prefs/java.util.prefs=ALL-UNNAMED,--add-opens=java.base/java.nio.charset=ALL-UNNAMED,--add-opens=java.base/java.net=ALL-UNNAMED,--add-opens=java.base/java.util.concurrent.atomic=ALL-UNNAMED,-Xmx2048m,-Dfile.encoding=UTF-8,-Duser.country=TW,-Duser.language=zh,-Duser.variant]
Actual: DefaultDaemonContext[uid=46430342-3902-4cd9-8a31-5a56d51cfc5e,javaHome=C:\Users\z004rx2h\.antigravity\extensions\redhat.java-1.52.0-win32-x64\jre\21.0.9-win32-x86_64,daemonRegistryDir=C:\Users\z004rx2h\.gradle\daemon,pid=38060,idleTimeout=10800000,priority=NORMAL,applyInstrumentationAgent=true,daemonOpts=--add-opens=java.base/java.util=ALL-UNNAMED,--add-opens=java.base/java.lang=ALL-UNNAMED,--add-opens=java.base/java.lang.invoke=ALL-UNNAMED,--add-opens=java.prefs/java.util.prefs=ALL-UNNAMED,--add-opens=java.base/java.nio.charset=ALL-UNNAMED,--add-opens=java.base/java.net=ALL-UNNAMED,--add-opens=java.base/java.util.concurrent.atomic=ALL-UNNAMED,-Xmx2048m,-Dfile.encoding=UTF-8,-Duser.country=TW,-Duser.language=zh,-Duser.variant]

  Looking for a different daemon...
The client will now receive all logging from the daemon (pid: 23996). The daemon log file: C:\Users\z004rx2h\.gradle\daemon\8.7\daemon-23996.out.log
Starting 20th build in daemon [uptime: 30 mins 11.969 secs, performance: 100%, GC rate: 0.00/s, heap usage: 0% of 2 GiB]
Using 20 worker leases.
Now considering [C:\Hank\Other\project\realbot] as hierarchies to watch
Watching the file system is configured to be enabled if available
File system watching is active
Starting Build
Caching disabled for Kotlin DSL script compilation (Settings/TopLevel/stage1) because:
  Build cache is disabled

FAILURE: Build failed with an exception.

* What went wrong:
25.0.1

* Try:
> Run with --stacktrace option to get the stack trace.
> Run with --debug option to get more log output.
> Run with --scan to get full insights.
> Get more help at https://help.gradle.org.

BUILD FAILED in 1s
Watched directory hierarchies: []
